
          ---------------------------
          STATIC VERIFICATION RESULTS
          ---------------------------

	
	 ----------------------------------
	 NUMBER OF FAILURES/WARNINGS/ERRORS
	 ----------------------------------
	 # of Failures : 1
         # of Warnings : 0
	 # of Errors : 0

          -----------------------------
          RESULTS FOR WEB-RELATED TESTS
          -----------------------------
	
	 ---------------
	 PASSED TESTS :
	 ---------------
	
	 Test Name : tests.web.AllJSPsMustBeCompilable
	 Test Assertion : All the JSPs that are bundled inside a web application must be compilable using a J2EE compliant JSP compiler that does not have any proprietary or optional features in it.
	 Test Description : For [ WikiNewsFacelets ]
All JSPs are compilable. 

	 Test Name : tests.web.TagLibPublicID
	 Test Assertion : The tag library deployment descriptor should have expected PubidLiteral as "-//Sun Microsystems, Inc.//DTD JSP Tag Library 1.1/1.2 //EN".
	 Test Description : For [ WikiNewsFacelets ]
The test passed successfully.

	 Test Name : tests.web.ServletInterface
	 Test Assertion : Servlet implements the javax.servlet.Servlet interface either directly or indirectly through GenericServlet or HttpServlet. Please refer to Java Servlet 2.5 Specification Section #SRV.2.3   for further information.
	 Test Description : For [ WikiNewsFacelets ]
Servlet class [ javax.faces.webapp.FacesServlet ] directly or indirectly implements javax.servlet.Servlet.

	 Test Name : tests.web.WelcomeFile
	 Test Assertion : welcome-file element contains the file name to use as a default welcome file. Please refer to Java Servlet 2.4 Specification Section #9.10, #SRV.13.4 for further information.
	 Test Description : For [ WikiNewsFacelets ]
There were no errors reported.

	 Test Name : tests.web.SessionTimeout
	 Test Assertion : Servlet session-timeout element defines the default session timeout interval expressed in whole minutes. Please refer to Java Servlet 2.5 Specification Section #SRV.7.5, #SRV.13.3   for further information.
	 Test Description : For [ WikiNewsFacelets ]
Servlet session-timeout [ 30 ] element defines the default session timeout interval expressed in whole minutes.

	 Test Name : tests.web.URLPatternErrorCheck
	 Test Assertion : Content of the url-pattern element must follow the rules specified in the servlet specification. Please refer to Java Servlet 2.5 Specification Section #SRV.11.2   for further information.
	 Test Description : For [ WikiNewsFacelets ]
url-pattern [ *.jsf ] within [ C:\DOCUME~1\ADMINI~1\CONFIG~1\Temp\exploded20090927053101\WikiNewsFacelets ] follows the rules specified in the servlet specification.

	 Test Name : tests.web.URLPatternWarningCheck
	 Test Assertion : A url-pattern used for an exact match should not contain an asterisk (*). Please refer to Java Servlet 2.5 Specification Section #SRV.11.2   for further information.
	 Test Description : For [ WikiNewsFacelets ]
url-pattern [ *.jsf ] within [ C:\DOCUME~1\ADMINI~1\CONFIG~1\Temp\exploded20090927053101\WikiNewsFacelets ] follows the rules specified in servlet specification.

	 Test Name : tests.web.URLPatternContainsCRLF
	 Test Assertion : url-pattern contains a carriage return (CR) or line feed (LF). Please refer to Java Servlet 2.5 Specification Section #SRV.11.2 for further information.
	 Test Description : For [ WikiNewsFacelets ]
url-pattern [ *.jsf ] within [ C:\DOCUME~1\ADMINI~1\CONFIG~1\Temp\exploded20090927053101\WikiNewsFacelets ] does not contain carriage return or line feed character.

	 Test Name : tests.web.URLPatternUniqueInServletMappings
	 Test Assertion : All the servlet-mappings contain unique url-patterns. Please refer to Java Servlet 2.5 Specification Section #SRV.11.2, 13.3 for further information.
	 Test Description : For [ WikiNewsFacelets ]
All the servlet-mappings contain unique url-patterns within Web archive [ C:\DOCUME~1\ADMINI~1\CONFIG~1\Temp\exploded20090927053101\WikiNewsFacelets ].

	 Test Name : tests.web.LibDirExists
	 Test Assertion : Servlet lib directory resides in WEB-INF/lib directory. Please refer to Java Servlet 2.5 Specification Section #SRV.9.5   for further information.
	 Test Description : For [ WikiNewsFacelets ]
Servlet lib directory [ WEB-INF/lib ] resides in WEB-INF/lib directory of [ C:\DOCUME~1\ADMINI~1\CONFIG~1\Temp\exploded20090927053101\WikiNewsFacelets ].

	 Test Name : tests.web.ParamName
	 Test Assertion : Web application's param-name exists. Please refer to Java Servlet 2.5 Specification Section #SRV.3.3, #SRV.13.3   for further information.
	 Test Description : For [ WikiNewsFacelets ]
param-name exists in the Web application.

	 Test Name : tests.web.ParamValue
	 Test Assertion : Web application's param-value exists. Please refer to 3D for further information.
	 Test Description : For [ WikiNewsFacelets ]
param-value exists in the Web application.
For [ WikiNewsFacelets ]
param-value exists in the Web application.
For [ WikiNewsFacelets ]
param-value exists in the Web application.
For [ WikiNewsFacelets ]
param-value exists in the Web application.
For [ WikiNewsFacelets ]
param-value exists in the Web application.
For [ WikiNewsFacelets ]
param-value exists in the Web application.
For [ WikiNewsFacelets ]
param-value exists in the Web application.
For [ WikiNewsFacelets ]
param-value exists in the Web application.

	 Test Name : tests.web.ServletParamValue
	 Test Assertion : Web application's ServletParam value exists. Please refer to Java Servlet 2.5 Specification Section #SRV.13.3   for further information.
	 Test Description : For [ WikiNewsFacelets ]
There were no errors reported.

	 Test Name : tests.web.ServletParamName
	 Test Assertion : Web application's ServletParam name exists. Please refer to Java Servlet 2.5 Specification Section #SRV.13.3 for further information.
	 Test Description : For [ WikiNewsFacelets ]
ServletParam name exists in the Web application.

	 Test Name : tests.web.ResourceAuth
	 Test Assertion : Resource reference authorization. Please refer to Java Servlet 2.5 Specification Section #SRV.13.4   for further information.
	 Test Description : For [ WikiNewsFacelets ]
There were no errors reported.

	 Test Name : tests.ClassContainsNativeMethod
	 Test Assertion : Application classes contain native methods.
	 Test Description : For [ WikiNewsFacelets ]
There were no errors reported.

	 Test Name : tests.web.FilterClassExists
	 Test Assertion : Filter class resides in the WEB-INF/classes directory or WEB-INF/lib JAR files. Please refer to Java Servlet 2.5 Specification Section #SRV.6.2.4   for further information.
	 Test Description : Declared filter class [ org.ajax4jsf.Filter ] resides in WEB-INF/classes or WEB-INF/lib.

	 Test Name : tests.web.FilterMapping
	 Test Assertion : Filter mapping should be a correct URL or a servlet-name within the application. Please refer to Java Servlet 2.5 Specification Section #SRV.6.2.4   for further information.
	 Test Description : For [ WikiNewsFacelets ]
All filter mappings are correct.

	 Test Name : tests.web.FilterClassImplementsValidInterface
	 Test Assertion : Filter class implements the javax.servlet.Filter interface. Please refer to Java Servlet 2.5 Specification Section #SRV.6.2   for further information.
	 Test Description : The class [ org.ajax4jsf.Filter ] implements the [ javax.servlet.Filter ] interface. 

	 Test Name : tests.web.FilterClassHasValidConstructor
	 Test Assertion : Filter class has a public constructor that takes no argument. Please refer to Java Servlet 2.5 Specification Section #SRV.6.2   for further information.
	 Test Description : Filter class [ org.ajax4jsf.Filter ] implements a valid constructor.

	 Test Name : tests.web.FilterInitParamName
	 Test Assertion : Filter init param name should be unique and not empty. Please refer to Java Servlet 2.5 Specification Section #SRV.13.3, #SRV.6.2.3   for further information.
	 Test Description : For [ WikiNewsFacelets ]
All initialization parameter names are unique.

	 Test Name : tests.web.TagClassExtendsValidInterface
	 Test Assertion : Tag class implements javax.servlet.jsp.tagext.JspTag for JSP version 2.0, javax.servlet.jsp.tagext.Tag for earlier versions of JSP specification. Please refer to Section 7.1.3 and APPENDIX JSP.C of JSP Specification version 2.1 for further information.
	 Test Description : For [ WikiNewsFacelets ]
No tag lib files are specified

	 Test Name : tests.web.TagNameIsUnique
	 Test Assertion : The name subelement in the tag element defines a unique action name. Please refer to APPENDIX JSP.C of JSP Specification version 2.1 for further information.
	 Test Description : For [ WikiNewsFacelets ]
No tag lib files are specified

	 Test Name : tests.web.TagClassImplementsValidInterface
	 Test Assertion : The tag-class must implement the javax.servlet.jsp.tagext.DynamicAttributes interface if dynamic-attributes is true Please refer to APPENDIX JSP.C of JSP Specification version 2.1 for further information.
	 Test Description : For [ WikiNewsFacelets ]
No tag lib files are specified

	 Test Name : tests.web.TaglibListenerClassExists
	 Test Assertion : The value is of the listener-class in .tld file is must be fully qualified classname of the listener class.listener class. Please refer to APPENDIX JSP.C of JSP Specification version 2.1 for further information.
	 Test Description : For [ WikiNewsFacelets ]
No tag lib files are specified

	 Test Name : tests.web.TaglibFunctionMethodTest
	 Test Assertion : The specified method, in function-signature element, must be a public static method in the specified class, and must be specified using a fully-qualified return type followed by the method name, followed by the fully-qualified argument types in parenthesis, separated by commas Please refer to Section JSP.2.10.2 and APPENDIX JSP.C of JSP Specification version 2.1 for further information.
	 Test Description : For [ WikiNewsFacelets ]
com.sun.enterprise.tools.verifier.tests.web.TaglibFunctionMethodTest.

	 Test Name : tests.web.TaglibFunctionSignatureIsValid
	 Test Assertion : The function-signature must be specified using a fully-qualified return type followed by the method name, followed by the fully-qualified argument types in parenthesis, separated by commas. Please refer to Section JSP.2.10.2 and APPENDIX JSP.C of JSP Specification version 2.1 for further information.
	 Test Description : For [ WikiNewsFacelets ]
function-signature element of the tag lib descriptor are properly defined.

	 Test Name : tests.IconImageTypeTest
	 Test Assertion : The icon type contains small-icon and large-icon elements that specify the file names for small and large GIF, JPEG, or PNG icon images used to represent the parent element in a GUI tool. GIF, JPEG are supported till J2EE 1.4, PNG type has been introduced in JAVA EE 5. The specified files should be packaged inside the bundle containing this deployment descriptor. Please refer to J2EE 1.4 Platform Specification section #8.6 for further information.
	 Test Description : For [ WikiNewsFacelets ]
No errors were detected.

	 Test Name : tests.web.PUMatchingEMandEMFRefTest
	 Test Assertion : For every entity manager referenced in the application, there must be a matching persistence unit defined using META-INF/persistence.xml file. Please refer to EJB 3.0 Persistence API Specification section #6.2 for further information.
	 Test Description : Persistence units that are visible to this component are [  ].

	 Test Name : tests.web.PersistenceContextType
	 Test Assertion : An extended persistence context can only be initiated within the scope of a stateful session bean. Please refer to EJB 3.0 Persistence API Specification section #5.6.1.2 for further information.
	 Test Description : For [ WikiNewsFacelets ]
There were no errors reported.

	 Test Name : tests.web.EntityManagerInjection
	 Test Assertion : EntityManager can not be injected into a web application that uses multithread model because EntityManager is not thread safe. Please refer to EJB 3.0 Persistence API Specification section #5.2 for further information.
	 Test Description : For [ WikiNewsFacelets ]
There were no errors reported.

	 Test Name : tests.web.StatefulSessionBeanInjection
	 Test Assertion : A stateful session bean can not be injected into a servlet. Please refer to EJB 3.0 Persistence API Specification section #5.2 for further information.
	 Test Description : For [ WikiNewsFacelets ]
There were no errors reported.

	 Test Name : tests.web.runtime.ASJSPConfig
	 Test Assertion : jsp-config entries do not have duplicate entries.
	 Test Description : For [ WikiNewsFacelets ]
PASSED [AS-WEB sun-web-app] : jsp-config elements are valid within the Web archive [ keepgenerated ].
For [ WikiNewsFacelets ]
PASSED [AS-WEB sun-web-app] : jsp-config elements are valid within the Web archive [ C:\DOCUME~1\ADMINI~1\CONFIG~1\Temp\exploded20090927053101\WikiNewsFacelets ].

	 ---------------------
	 NOTAPPLICABLE TESTS :
	 ---------------------
	
	 Test Name : tests.web.JspFile
	 Test Assertion : jsp-file element contains the full path to a JSP file within the Web application. Please refer to Java Servlet 2.5 Specification Section #SRV.13.4 for further information.
	 Test Description : For [ WikiNewsFacelets ]
There are no JSP components within the Web archive [ C:\DOCUME~1\ADMINI~1\CONFIG~1\Temp\exploded20090927053101\WikiNewsFacelets ].

	 Test Name : tests.web.JspLoadOnStartup
	 Test Assertion : The value of the JSP load-on-startup element must be an integer. Please refer to Java Servlet 2.5 Specification Section #SRV.13.3   for further information.
	 Test Description : For [ WikiNewsFacelets ]
There are no JSP pages within the Web archive [ C:\DOCUME~1\ADMINI~1\CONFIG~1\Temp\exploded20090927053101\WikiNewsFacelets ].

	 Test Name : tests.web.ErrorCode
	 Test Assertion : error-code element contains an HTTP error code. Please refer to Java Servlet 2.5 Specification Section #SRV.13.3   for further information.
	 Test Description : For [ WikiNewsFacelets ]
There are no error-code elements within the Web archive [ C:\DOCUME~1\ADMINI~1\CONFIG~1\Temp\exploded20090927053101\WikiNewsFacelets ].

	 Test Name : tests.web.ExceptionType
	 Test Assertion : exception-type element contains a fully qualified class name of a Java exception type. Please refer to Java Servlet 2.5 Specification Section #SRV.13.3 for further information.
	 Test Description : For [ WikiNewsFacelets ]
There are no exception-type elements within the Web archive [ C:\DOCUME~1\ADMINI~1\CONFIG~1\Temp\exploded20090927053101\WikiNewsFacelets ].

	 Test Name : tests.web.RoleLink
	 Test Assertion : The role-link element is used to link a security role reference to a defined security role. Please refer to Java Servlet 2.5 Specification Section #SRV.13.4   for further information.
	 Test Description : For [ WikiNewsFacelets ]
[  ] has no role-link element defined within the Web archive [ C:\DOCUME~1\ADMINI~1\CONFIG~1\Temp\exploded20090927053101\WikiNewsFacelets ].

	 Test Name : tests.web.WebEnvEntryValue
	 Test Assertion : Web archive environment entry value must be a string that is valid for the constructor of the specified type that takes a single String parameter. Please refer to Java Servlet 2.5 Specification Section #SRV.13.4   for further information.
	 Test Description : For [ WikiNewsFacelets ]
There are no env-entry elements defined within this Web archive [ C:\DOCUME~1\ADMINI~1\CONFIG~1\Temp\exploded20090927053101\WikiNewsFacelets ].

	 Test Name : tests.web.WebEnvEntryValueType
	 Test Assertion : Web archive environment entry value type. Please refer to Java Servlet 2.5 Specification Section #SRV.13.4   for further information.
	 Test Description : For [ WikiNewsFacelets ]
There are no env-entry elements defined within this Web archive [ C:\DOCUME~1\ADMINI~1\CONFIG~1\Temp\exploded20090927053101\WikiNewsFacelets ].

	 Test Name : tests.web.WebResourceName
	 Test Assertion : The web-resource-name element contains the name of this Web resource collection. Please refer to Java Servlet 2.5 Specification Section #SRV.13.3   for further information.
	 Test Description : For [ WikiNewsFacelets ]
There are no web-resource-name elements within the Web archive [ C:\DOCUME~1\ADMINI~1\CONFIG~1\Temp\exploded20090927053101\WikiNewsFacelets ].

	 Test Name : tests.web.WebResourceHTTPMethod
	 Test Assertion : The http-method element contains the name of the Web resource collection's HTTP method. Please refer to Java Servlet 2.5 Specification Section #SRV.13.3   for further information.
	 Test Description : For [ WikiNewsFacelets ]
There are no http-method elements within the Web archive [ C:\DOCUME~1\ADMINI~1\CONFIG~1\Temp\exploded20090927053101\WikiNewsFacelets ].

	 Test Name : tests.web.TransportGuarantee
	 Test Assertion : The transport-guarantee element specifies that the communication between client and server should be "SECURE", "NONE", or "CONFIDENTIAL". Please refer to Java Servlet 2.5 Specification Section #SRV12.7, #SRV.13.3   for further information.
	 Test Description : For [ WikiNewsFacelets ]
There are no transport-guarantee elements within the Web archive [ C:\DOCUME~1\ADMINI~1\CONFIG~1\Temp\exploded20090927053101\WikiNewsFacelets ].

	 Test Name : tests.web.WebSecurityRoleName
	 Test Assertion : Web security role names. Please refer to Java Servlet 2.5 Specification Section #SRV.13.4   for further information.
	 Test Description : For [ WikiNewsFacelets ]
There are no security role-name elements within this Web archive [ C:\DOCUME~1\ADMINI~1\CONFIG~1\Temp\exploded20090927053101\WikiNewsFacelets ].

	 Test Name : tests.web.AuthMethod
	 Test Assertion : Web auth-method must be one of the following: "BASIC", "DIGEST", "FORM" or "CLIENT-CERT". Please refer to Java Servlet 2.5 Specification Section #12.5 #SRV.13.4 for further information.
	 Test Description : For [ WikiNewsFacelets ]
There are no auth-method elements within this Web archive [ C:\DOCUME~1\ADMINI~1\CONFIG~1\Temp\exploded20090927053101\WikiNewsFacelets ].

	 Test Name : tests.web.FormLoginPage
	 Test Assertion : Web form-login-page value defines the location in the Web application where the page to be used for login can be found. Please refer to Java Servlet 2.5 Specification Section #SRV.13.4   for further information.
	 Test Description : For [ WikiNewsFacelets ]
There are no form-login-page elements within this Web archive [ C:\DOCUME~1\ADMINI~1\CONFIG~1\Temp\exploded20090927053101\WikiNewsFacelets ].

	 Test Name : tests.web.FormErrorPage
	 Test Assertion : Web form-error-page value defines the location in the Web application where the error page that is displayed when login is not successful can be found. Please refer to Java Servlet 2.5 Specification Section #SRV.13.3   for further information.
	 Test Description : For [ WikiNewsFacelets ]
There are no form-error-page elements within this Web archive [ C:\DOCUME~1\ADMINI~1\CONFIG~1\Temp\exploded20090927053101\WikiNewsFacelets ].

	 Test Name : tests.web.RealmName
	 Test Assertion : Web realm-name specifies the realm name to use in HTTP basic authentication. Please refer to Java Servlet 2.4 Specification Section #12.5.1 #SRV.13.4   for further information.
	 Test Description : For [ WikiNewsFacelets ]
There are no realm-name elements within this Web archive [ C:\DOCUME~1\ADMINI~1\CONFIG~1\Temp\exploded20090927053101\WikiNewsFacelets ].

	 Test Name : tests.web.SessionConfigTest
	 Test Assertion : The deployment descriptor instance file must not contain multiple session-config elements. Please refer to Java Servlet 2.5 Specification Section #SRV.13.3 for further information.
	 Test Description : For [ WikiNewsFacelets ]
Not Applicable: Servlet session-config element is not specified.

	 Test Name : tests.web.EjbLinkElement
	 Test Assertion : The value of the ejb-link element is the ejb-name of an enterprise bean in the same J2EE application archive. Please refer to Java Servlet 2.5 Specification Section #SRV.13.4, JavaEE 5  Platform Specification Section #5.5.2 for further information.
	 Test Description : There are no EJB references to other beans within this Web archive [ C:\DOCUME~1\ADMINI~1\CONFIG~1\Temp\exploded20090927053101\WikiNewsFacelets ].

	 Test Name : tests.web.JarContainsXMLFile
	 Test Assertion : JAR file contains the XML-based deployment descriptor. Please refer to Java Servlet 2.5 Specification Section #SRV.9.5   for further information.
	 Test Description : For [ WikiNewsFacelets ]
Test is not applicable.

	 Test Name : tests.web.URLPatternUniqueInSecurityConstraints
	 Test Assertion : All the security constraints contain unique url-patterns. Please refer to Java Servlet 2.5 Specification Section #SRV.12.7, #SRV.13.3 for further information.
	 Test Description : For [ WikiNewsFacelets ]
There is no security-constraint within the Web archive [ C:\DOCUME~1\ADMINI~1\CONFIG~1\Temp\exploded20090927053101\WikiNewsFacelets ].

	 Test Name : tests.web.ResourceRefName
	 Test Assertion : Resource reference name exists. Please refer to Java Servlet 2.5 Specification Section #SRV.14.2.2, #SRV.13.4 for further information.
	 Test Description : For [ WikiNewsFacelets ]
There are no resource references defined within the Web archive [ C:\DOCUME~1\ADMINI~1\CONFIG~1\Temp\exploded20090927053101\WikiNewsFacelets ].

	 Test Name : tests.web.TaglibUri
	 Test Assertion : taglib-uri element identifying a Tag Library used in the Web Application must not be empty. Please refer to Java Servlet 2.5 Specification Section #SRV.13.4; JSP 2.1 Specification Section #JSP.3.1 for further information.
	 Test Description : For [ WikiNewsFacelets ]
There are no TagLibConfigurationDescriptors within the Web archive [ C:\DOCUME~1\ADMINI~1\CONFIG~1\Temp\exploded20090927053101\WikiNewsFacelets ].

	 Test Name : tests.web.TaglibLocation
	 Test Assertion : The Tag Libary Description file specified by taglib-location element must exist in the Web Application Please refer to Java Servlet 2.5 Specification Section #SRV.13.4; JSP 2.1 Specification Section #JSP.3.1 for further information.
	 Test Description : For [ WikiNewsFacelets ]
There are no TagLibConfigurationDescriptors within the Web archive [ C:\DOCUME~1\ADMINI~1\CONFIG~1\Temp\exploded20090927053101\WikiNewsFacelets ].

	 Test Name : tests.web.WebEnvEntryName
	 Test Assertion : Web environment entry name. Please refer to Java Servlet 2.5 Specification Section #SRV.13.4   for further information.
	 Test Description : For [ WikiNewsFacelets ]
There are no environment entry elements defined within this Web archive [ C:\DOCUME~1\ADMINI~1\CONFIG~1\Temp\exploded20090927053101\WikiNewsFacelets ].

	 Test Name : tests.web.elements.MimeTypeElement
	 Test Assertion : Servlet mime-type element contains a defined MIME type. Please refer to Java Servlet 2.5 Specification Section #SRV.13.3   for further information.
	 Test Description : For [ WikiNewsFacelets ]
There are no mime-mapping elements within the Web archive [ C:\DOCUME~1\ADMINI~1\CONFIG~1\Temp\exploded20090927053101\WikiNewsFacelets ].

	 Test Name : tests.web.ListenerClassHasValidConstructor
	 Test Assertion : Listener class has a public constructor that takes no argument. Please refer to Java Servlet 2.5 Specification Section #SRV.10.3.1   for further information.
	 Test Description : For [ WikiNewsFacelets ]
There are no listener components within the Web archive [ C:\DOCUME~1\ADMINI~1\CONFIG~1\Temp\exploded20090927053101\WikiNewsFacelets ].

	 Test Name : tests.web.ListenerClassImplementsValidInterface
	 Test Assertion : Listener class implements one of the listener interfaces. Please refer to Java Servlet 2.5 Specification Section #SRV.10.3.1   for further information.
	 Test Description : For [ WikiNewsFacelets ]
There are no listener components within the Web archive [ C:\DOCUME~1\ADMINI~1\CONFIG~1\Temp\exploded20090927053101\WikiNewsFacelets ].

	 Test Name : tests.web.ListenerClassExists
	 Test Assertion : Listener class resides in the WEB-INF/classes directory or WEB-INF/lib JAR files. Please refer to Java Servlet 2.5 Specification Section #SRV.10.3.1   for further information.
	 Test Description : For [ WikiNewsFacelets ]
There are no listener components within the Web archive [ C:\DOCUME~1\ADMINI~1\CONFIG~1\Temp\exploded20090927053101\WikiNewsFacelets ].

	 Test Name : tests.web.FilterInitParamValue
	 Test Assertion : Filter init param value should not be an empty string. Please refer to Java Servlet 2.5 Specification Section #SRV.13.3, #SRV.6.2.3   for further information.
	 Test Description : For [ WikiNewsFacelets ]
There are no initialization parameters for the filter [ richfaces ] within the web archive [ C:\DOCUME~1\ADMINI~1\CONFIG~1\Temp\exploded20090927053101\WikiNewsFacelets ]

	 Test Name : tests.web.ServletClassDeclared
	 Test Assertion : All servlets packaged in a WAR file must be declared in the deployment descriptors. Please refer to Java Servlet 2.5 Specification Section #SRV.9.7, #13.1, 13.3  for further information.
	 Test Description : For [ WikiNewsFacelets ]
Test is not applicable.

	 Test Name : tests.web.PersistenceUnitCount
	 Test Assertion : persistence,xml should have atleast one peristence unit. Please refer to EJB 3.0 Persistence API Specification section #6.2.1 for further information.
	 Test Description : For [ WikiNewsFacelets ]
Test is not applicable.

	 Test Name : tests.web.runtime.ASResourceEnvRef
	 Test Assertion : resource-env-ref contains valid resource reference.
	 Test Description : For [ WikiNewsFacelets ]
NOT APPLICABLE [AS-WEB sun-web-app] : resource-env-ref element not defined in the Web archive [ C:\DOCUME~1\ADMINI~1\CONFIG~1\Temp\exploded20090927053101\WikiNewsFacelets ].

	 Test Name : tests.web.runtime.ASMessageDestination
	 Test Assertion : Information about logical message destination.
	 Test Description : For [ WikiNewsFacelets ]
NOT APPLICABLE [AS-WEB sun-web-app] : message-destination element not defined.

	 Test Name : tests.web.runtime.ASResourceRefName
	 Test Assertion : name, jndi-name and default-resource-principal are correctly specified in resource-ref element.
	 Test Description : For [ WikiNewsFacelets ]
NOT APPLICABLE [AS-WEB sun-web-app] : resource-ref element not defined in the Web archive [C:\DOCUME~1\ADMINI~1\CONFIG~1\Temp\exploded20090927053101\WikiNewsFacelets ].

	 Test Name : tests.web.runtime.ASWebEjbRef
	 Test Assertion : The ejb-ref element is used for the declaration of a reference to an enterprise bean's home interface.
	 Test Description : For [ WikiNewsFacelets ]
NOT APPLICABLE [AS-WEB sun-web-app] : ejb-ref element(s) not defined in the Web archive [ C:\DOCUME~1\ADMINI~1\CONFIG~1\Temp\exploded20090927053101\WikiNewsFacelets].

	 Test Name : tests.web.runtime.ASSecurityRoleMapping
	 Test Assertion : security-role-mapping entries are specified correctly.
	 Test Description : For [ WikiNewsFacelets ]
NOT APPLICABLE [AS-WEB sun-web-app] : security-role-mapping element not defined in the Web archive [ C:\DOCUME~1\ADMINI~1\CONFIG~1\Temp\exploded20090927053101\WikiNewsFacelets ].

	 Test Name : tests.web.runtime.ASServlet
	 Test Assertion : servlet-name and principal-name are properly defined for each server element.
	 Test Description : For [ WikiNewsFacelets ]
NOT APPLICABLE [AS-WEB sun-web-app] : servlet element(s) not defined in the Web archive [ C:\DOCUME~1\ADMINI~1\CONFIG~1\Temp\exploded20090927053101\WikiNewsFacelets ].

	 Test Name : tests.web.runtime.ASSessionManager
	 Test Assertion : manager-properties and store-properties are specified correctly in session-manager element.
	 Test Description : For [ WikiNewsFacelets ]
NOT APPLICABLE [AS-WEB session-config] : session-manager element not defined in the Web archive [ C:\DOCUME~1\ADMINI~1\CONFIG~1\Temp\exploded20090927053101\WikiNewsFacelets ].

	 Test Name : tests.web.runtime.ASSessionProperty
	 Test Assertion : session-property values are specified correctly
	 Test Description : For [ WikiNewsFacelets ]
NOT APPLICABLE [AS-WEB session-config] : session-properties element(s) not defined in the Web archive [ C:\DOCUME~1\ADMINI~1\CONFIG~1\Temp\exploded20090927053101\WikiNewsFacelets ].

	 Test Name : tests.web.runtime.ASCookieProperty
	 Test Assertion : cookie-properties do not have duplicate entries.
	 Test Description : For [ WikiNewsFacelets ]
NOT APPLICABLE [AS-WEB session-config] : cookie-properties element not defined for C:\DOCUME~1\ADMINI~1\CONFIG~1\Temp\exploded20090927053101\WikiNewsFacelets.

	 Test Name : tests.web.runtime.ASLocaleCharsetInfo
	 Test Assertion : Locale and locale-charset-map contain valid entries.
	 Test Description : For [ WikiNewsFacelets ]
NOT APPLICABLE [AS-WEB sun-web-app] : locale-charset-info element not defined in the Web archive [ C:\DOCUME~1\ADMINI~1\CONFIG~1\Temp\exploded20090927053101\WikiNewsFacelets ].

	 Test Name : tests.web.runtime.ASWebProperty
	 Test Assertion : Syntax for supplying properties as name/value pairs.
	 Test Description : For [ WikiNewsFacelets ]
NOT APPLICABLE [AS-WEB sun-web-app] : Web property element not defined within the Web archive [ C:\DOCUME~1\ADMINI~1\CONFIG~1\Temp\exploded20090927053101\WikiNewsFacelets ].

	 Test Name : tests.web.runtime.ASCache
	 Test Assertion : The cache element configures the cache for a Web application.
	 Test Description : For [ WikiNewsFacelets ]
NOT APPLICABLE [AS-WEB cache] : Element not defined for the Web application.

	 Test Name : tests.web.runtime.ASCacheHelperClass
	 Test Assertion : cache-helper specifies a customizable class that implements the CacheHelper interface.
	 Test Description : For [ WikiNewsFacelets ]
NOT APPLICABLE [AS-WEB cache-helper] : There is no cache-helper element for the Web application.

	 Test Name : tests.web.runtime.ASCacheMapping
	 Test Assertion : cache-mapping element defines what to be cached, the key to be used, any other constraints to be applied and a customizable cache-helper to programmatically hook this information.
	 Test Description : For [ WikiNewsFacelets ]
NOT APPLICABLE [AS-WEB cache-mapping] : Element not defined.

	 Test Name : tests.web.runtime.ASConstraintField
	 Test Assertion : constraint-field specifies a field whose value is used as a cacheability constraint.
	 Test Description : For [ WikiNewsFacelets ]
NOT APPLICABLE [AS-WEB sun-web-app] : constraint-field element not defined.

	 --------------
	 FAILED TESTS : 
	 --------------
	
	 Test Name : tests.web.WebArchiveClassesLoadable
	 Test Assertion : All classes in this Web Archive are loadable excluding classes used in JSPs. The test AllJSPsMustBeCompilable takes care of reporting non portable errors in JSP classes.   Please refer to JavaEE 5 Specification Section #8.1.2 for further information.
	 Test Description : For [ WikiNewsFacelets ]

Failed to find following classes:
[
	org.apache.xerces.xni.QName,
	org.cyberneko.html.filters.Writer,
	org.apache.xerces.xni.XMLAttributes,
	org.apache.xerces.xni.Augmentations,
	org.apache.xerces.xni.XNIException
]

referenced in the following call stack :

	at org.ajax4jsf.webapp.nekko.NekkoParser$HtmlWriter
	at org.ajax4jsf.webapp.nekko.NekkoParser
	at org.ajax4jsf.webapp.ConfigurableXMLFilter$NekoParserConfig
	at org.ajax4jsf.webapp.ConfigurableXMLFilter
	at org.ajax4jsf.webapp.ConfigurableFilter
	at org.ajax4jsf.Filter

Failed to find following classes:
[
	org.apache.xerces.xni.QName,
	org.apache.xerces.xni.XMLAttributes,
	org.apache.xerces.xni.Augmentations,
	org.apache.xerces.xni.XNIException
]

referenced in the following call stack :

	at org.ajax4jsf.webapp.nekko.HtmlCorrectionFilter$TableHtmlCorrectionState
	at org.ajax4jsf.webapp.nekko.HtmlCorrectionFilter
	at org.ajax4jsf.webapp.nekko.NekkoParser
	at org.ajax4jsf.webapp.ConfigurableXMLFilter$NekoParserConfig
	at org.ajax4jsf.webapp.ConfigurableXMLFilter
	at org.ajax4jsf.webapp.ConfigurableFilter
	at org.ajax4jsf.Filter

Failed to find following classes:
[
	org.apache.xerces.xni.QName,
	org.apache.xerces.xni.XMLAttributes,
	org.apache.xerces.xni.parser.XMLConfigurationException,
	org.apache.xerces.util.XMLAttributesImpl,
	org.apache.xerces.xni.XNIException,
	org.cyberneko.html.HTMLAugmentations,
	org.cyberneko.html.filters.DefaultFilter,
	org.apache.xerces.xni.parser.XMLComponentManager,
	org.apache.xerces.xni.XMLString,
	org.apache.xerces.xni.Augmentations
]

referenced in the following call stack :

	at org.ajax4jsf.webapp.nekko.NekkoParser$ViewStateFilter
	at org.ajax4jsf.webapp.nekko.NekkoParser
	at org.ajax4jsf.webapp.ConfigurableXMLFilter$NekoParserConfig
	at org.ajax4jsf.webapp.ConfigurableXMLFilter
	at org.ajax4jsf.webapp.ConfigurableFilter
	at org.ajax4jsf.Filter

Failed to find following classes:
[
	org.cyberneko.html.filters.ElementRemover,
	org.cyberneko.html.filters.Purifier,
	org.cyberneko.html.HTMLConfiguration,
	org.apache.xerces.xni.parser.XMLConfigurationException,
	org.cyberneko.html.parsers.DOMFragmentParser,
	org.apache.html.dom.HTMLDocumentImpl,
	org.apache.xerces.xni.parser.XMLDocumentFilter
]

referenced in the following call stack :

	at org.ajax4jsf.webapp.nekko.NekkoParser
	at org.ajax4jsf.webapp.ConfigurableXMLFilter$NekoParserConfig
	at org.ajax4jsf.webapp.ConfigurableXMLFilter
	at org.ajax4jsf.webapp.ConfigurableFilter
	at org.ajax4jsf.Filter

Failed to find following classes:
[
	org.cyberneko.html.HTMLConfiguration,
	org.apache.xerces.parsers.AbstractSAXParser
]

referenced in the following call stack :

	at org.ajax4jsf.webapp.nekko.NekkoParser$HtmlSAXParser
	at org.ajax4jsf.webapp.nekko.NekkoParser
	at org.ajax4jsf.webapp.ConfigurableXMLFilter$NekoParserConfig
	at org.ajax4jsf.webapp.ConfigurableXMLFilter
	at org.ajax4jsf.webapp.ConfigurableFilter
	at org.ajax4jsf.Filter

Failed to find following classes:
[
	org.apache.xerces.xni.QName,
	org.apache.xerces.xni.XMLAttributes,
	org.apache.xerces.xni.Augmentations,
	org.apache.xerces.xni.XNIException
]

referenced in the following call stack :

	at org.ajax4jsf.webapp.nekko.HtmlCorrectionState
	at org.ajax4jsf.webapp.nekko.HtmlCorrectionFilter
	at org.ajax4jsf.webapp.nekko.NekkoParser
	at org.ajax4jsf.webapp.ConfigurableXMLFilter$NekoParserConfig
	at org.ajax4jsf.webapp.ConfigurableXMLFilter
	at org.ajax4jsf.webapp.ConfigurableFilter
	at org.ajax4jsf.Filter

Failed to find following classes:
[
	org.apache.xerces.xni.QName,
	org.apache.xerces.xni.XMLAttributes,
	org.cyberneko.html.HTMLAugmentations,
	org.apache.xerces.xni.XNIException,
	org.apache.xerces.util.XMLAttributesImpl,
	org.apache.xerces.xni.parser.XMLConfigurationException,
	org.apache.xerces.xni.parser.XMLComponentManager,
	org.cyberneko.html.filters.DefaultFilter,
	org.apache.xerces.xni.Augmentations
]

referenced in the following call stack :

	at org.ajax4jsf.webapp.nekko.HtmlCorrectionFilter
	at org.ajax4jsf.webapp.nekko.NekkoParser
	at org.ajax4jsf.webapp.ConfigurableXMLFilter$NekoParserConfig
	at org.ajax4jsf.webapp.ConfigurableXMLFilter
	at org.ajax4jsf.webapp.ConfigurableFilter
	at org.ajax4jsf.Filter

Failed to find following classes:
[
	org.apache.xerces.xni.QName,
	org.apache.xerces.xni.XMLAttributes,
	org.apache.xerces.xni.Augmentations,
	org.apache.xerces.xni.XNIException
]

referenced in the following call stack :

	at org.ajax4jsf.webapp.nekko.HtmlCorrectionFilter$BaseHtmlCorrectionState
	at org.ajax4jsf.webapp.nekko.HtmlCorrectionFilter$TableHtmlCorrectionState
	at org.ajax4jsf.webapp.nekko.HtmlCorrectionFilter
	at org.ajax4jsf.webapp.nekko.NekkoParser
	at org.ajax4jsf.webapp.ConfigurableXMLFilter$NekoParserConfig
	at org.ajax4jsf.webapp.ConfigurableXMLFilter
	at org.ajax4jsf.webapp.ConfigurableFilter
	at org.ajax4jsf.Filter


Please either bundle the above mentioned classes in the application or use optional packaging support for them.

        
          ----------------------------------
          END OF STATIC VERIFICATION RESULTS
          ----------------------------------
    